todo.js:41 1????
todo.js:46 2????
todo.js:49 ? <li>​…​</li>​
todo.js:51 ! <li>​…​</li>​
todo.js:41 1????
todo.js:46 2????
todo.js:49 ? <li>​…​</li>​
todo.js:51 ! <li>​…​</li>​
todo.js:41 1????
todo.js:46 2????
todo.js:49 ? <li>​…​</li>​
todo.js:51 ! <li>​…​</li>​
<button class="">❌</button>
VM491:1 Uncaught SyntaxError: Unexpected token '<'
document.getElementById("#todo-list button:first-child")
null
document.getElementById("#todo-list li:first-child")
null
document.getElementById("todo-list")
<ul id=​"todo-list">​<li>​::marker​<span>​a​</span>​<button class>​❌​</button>​</li>​<li>​…​</li>​<li>​…​</li>​</ul>​
document.getElementById("todo-list li")
null
document.getElementById("todo-list first-child")
null
document.getElementById("#todo-list")
null
document.getElementById("#todo-list")
null
document.getElementById("todo-list")
<ul id=​"todo-list">​…​</ul>​
document.getElementById("todo-list li")
null
document.getElementsByTagName("button")
HTMLCollection(3) [button, button, button]0: button1: button2: buttonlength: 3[[Prototype]]: HTMLCollection
document.getElementsByTagName("button first-child")
HTMLCollection []
document.getElementsByTagName("button 0")
HTMLCollection []
document.getElementsByTagName("button")
HTMLCollection(3) [button, button, button]
document.getElementsByTagName("button")[0]
<button class>​❌​</button>​
document.getElementsByTagName("button")[0].getEventListener()
VM1648:1 Uncaught TypeError: document.getElementsByTagName(...)[0].getEventListener is not a function
    at <anonymous>:1:44
(anonymous) @ VM1648:1
geteve
VM1664:1 Uncaught ReferenceError: geteve is not defined
    at <anonymous>:1:1
(anonymous) @ VM1664:1
document.getElementsByTagName("button")[0]
<button class>​❌​</button>​
getEventListeners(document.getElementsByTagName("button")[0])
{click: Array(1)}click: Array(1)0: listener: ƒ deleteToDo(event)once: falsepassive: falsetype: "click"useCapture: false[[Prototype]]: Objectconstructor: ƒ Object()hasOwnProperty: ƒ hasOwnProperty()isPrototypeOf: ƒ isPrototypeOf()propertyIsEnumerable: ƒ propertyIsEnumerable()toLocaleString: ƒ toLocaleString()toString: ƒ toString()valueOf: ƒ valueOf()__defineGetter__: ƒ __defineGetter__()__defineSetter__: ƒ __defineSetter__()__lookupGetter__: ƒ __lookupGetter__()__lookupSetter__: ƒ __lookupSetter__()__proto__: (...)get __proto__: ƒ __proto__()set __proto__: ƒ __proto__()length: 1[[Prototype]]: Array(0)at: ƒ at()concat: ƒ concat()constructor: ƒ Array()copyWithin: ƒ copyWithin()entries: ƒ entries()every: ƒ every()fill: ƒ fill()filter: ƒ filter()find: ƒ find()findIndex: ƒ findIndex()findLast: ƒ findLast()findLastIndex: ƒ findLastIndex()flat: ƒ flat()flatMap: ƒ flatMap()forEach: ƒ forEach()includes: ƒ includes()indexOf: ƒ indexOf()join: ƒ join()keys: ƒ keys()lastIndexOf: ƒ lastIndexOf()length: 0map: ƒ map()pop: ƒ pop()push: ƒ push()reduce: ƒ reduce()reduceRight: ƒ reduceRight()reverse: ƒ reverse()shift: ƒ shift()slice: ƒ slice()some: ƒ some()sort: ƒ sort()splice: ƒ splice()toLocaleString: ƒ toLocaleString()toReversed: ƒ toReversed()toSorted: ƒ toSorted()toSpliced: ƒ toSpliced()toString: ƒ toString()unshift: ƒ unshift()values: ƒ values()with: ƒ with()Symbol(Symbol.iterator): ƒ values()Symbol(Symbol.unscopables): {at: true, copyWithin: true, entries: true, fill: true, find: true, …}[[Prototype]]: Object[[Prototype]]: Objectconstructor: ƒ Object()hasOwnProperty: ƒ hasOwnProperty()isPrototypeOf: ƒ isPrototypeOf()propertyIsEnumerable: ƒ propertyIsEnumerable()toLocaleString: ƒ toLocaleString()toString: ƒ toString()valueOf: ƒ valueOf()__defineGetter__: ƒ __defineGetter__()__defineSetter__: ƒ __defineSetter__()__lookupGetter__: ƒ __lookupGetter__()__lookupSetter__: ƒ __lookupSetter__()__proto__: (...)get __proto__: ƒ __proto__()set __proto__: ƒ __proto__()
